#
# There is insufficient memory for the Java Runtime Environment to continue.
# Native memory allocation (malloc) failed to allocate 149616 bytes for Chunk::new
# Possible reasons:
#   The system is out of physical RAM or swap space
#   In 32 bit mode, the process size limit was hit
# Possible solutions:
#   Reduce memory load on the system
#   Increase physical memory or swap space
#   Check if swap backing store is full
#   Use 64 bit Java on a 64 bit OS
#   Decrease Java heap size (-Xmx/-Xms)
#   Decrease number of Java threads
#   Decrease Java thread stack sizes (-Xss)
#   Set larger code cache with -XX:ReservedCodeCacheSize=
# This output file may be truncated or incomplete.
#
#  Out of Memory Error (allocation.cpp:323), pid=9784, tid=3312
#
# JRE version: Java(TM) SE Runtime Environment (7.0_45-b18) (build 1.7.0_45-b18)
# Java VM: Java HotSpot(TM) 64-Bit Server VM (24.45-b08 mixed mode windows-amd64 compressed oops)
# Failed to write core dump. Minidumps are not enabled by default on client versions of Windows
#

---------------  T H R E A D  ---------------

Current thread (0x0000000006e06000):  JavaThread "C2 CompilerThread1" daemon [_thread_in_native, id=3312, stack(0x00000000085a0000,0x00000000086a0000)]

Stack: [0x00000000085a0000,0x00000000086a0000]

Current CompileTask:
C2:  21123 2625 %           com.google.gwt.dev.jjs.impl.JsFunctionClusterer::updateSourceInfoMap @ 210 (399 bytes)


---------------  P R O C E S S  ---------------

Java Threads: ( => current thread )
  0x00000000095a0000 JavaThread "External worker unconnected" [_thread_in_native, id=8664, stack(0x000000000dad0000,0x000000000dbd0000)]
  0x000000000b591800 JavaThread "External worker unconnected" [_thread_in_native, id=6552, stack(0x000000000d8f0000,0x000000000d9f0000)]
  0x000000000b590800 JavaThread "External worker unconnected" [_thread_in_native, id=9212, stack(0x000000000d2d0000,0x000000000d3d0000)]
  0x000000000b590000 JavaThread "In-process PermutationWorker 0" [_thread_in_Java, id=1920, stack(0x000000000d540000,0x000000000d640000)]
  0x000000000b58d000 JavaThread "Thread-29" [_thread_in_native, id=4076, stack(0x0000000009d80000,0x0000000009e80000)]
  0x000000000aa32000 JavaThread "Thread-28" [_thread_in_native, id=3220, stack(0x000000000d650000,0x000000000d750000)]
  0x000000000aa2f800 JavaThread "Thread-26" [_thread_in_native, id=8412, stack(0x000000000d3e0000,0x000000000d4e0000)]
  0x000000000aa2f000 JavaThread "Thread-25" [_thread_in_native, id=2948, stack(0x0000000008e90000,0x0000000008f90000)]
  0x000000000aa2e000 JavaThread "Thread-23" [_thread_in_native, id=9984, stack(0x000000000d1a0000,0x000000000d2a0000)]
  0x0000000009844800 JavaThread "Thread-22" [_thread_in_native, id=600, stack(0x0000000009f00000,0x000000000a000000)]
  0x000000000979c000 JavaThread "pool-1-thread-1" [_thread_blocked, id=6636, stack(0x000000000a120000,0x000000000a220000)]
  0x0000000006e17000 JavaThread "Service Thread" daemon [_thread_blocked, id=3124, stack(0x0000000008990000,0x0000000008a90000)]
=>0x0000000006e06000 JavaThread "C2 CompilerThread1" daemon [_thread_in_native, id=3312, stack(0x00000000085a0000,0x00000000086a0000)]
  0x0000000006e00800 JavaThread "C2 CompilerThread0" daemon [_thread_blocked, id=4532, stack(0x00000000086c0000,0x00000000087c0000)]
  0x0000000006dfe800 JavaThread "Attach Listener" daemon [_thread_blocked, id=9664, stack(0x00000000083e0000,0x00000000084e0000)]
  0x0000000006df7800 JavaThread "Signal Dispatcher" daemon [_thread_blocked, id=8796, stack(0x0000000007e10000,0x0000000007f10000)]
  0x0000000006da7800 JavaThread "Finalizer" daemon [_thread_blocked, id=5400, stack(0x0000000008240000,0x0000000008340000)]
  0x0000000006d9c800 JavaThread "Reference Handler" daemon [_thread_blocked, id=1108, stack(0x00000000080b0000,0x00000000081b0000)]
  0x0000000001d08000 JavaThread "main" [_thread_blocked, id=10112, stack(0x0000000002120000,0x0000000002220000)]

Other Threads:
  0x0000000006d97800 VMThread [stack: 0x0000000007f20000,0x0000000008020000] [id=6136]
  0x0000000008a90800 WatcherThread [stack: 0x0000000008890000,0x0000000008990000] [id=7084]

VM state:not at safepoint (normal execution)

VM Mutex/Monitor currently owned by a thread: None

Heap
 PSYoungGen      total 124416K, used 63681K [0x00000000f5500000, 0x00000000ff900000, 0x0000000100000000)
  eden space 81920K, 67% used [0x00000000f5500000,0x00000000f8b41dd0,0x00000000fa500000)
  from space 42496K, 19% used [0x00000000fa500000,0x00000000facee630,0x00000000fce80000)
  to   space 39424K, 0% used [0x00000000fd280000,0x00000000fd280000,0x00000000ff900000)
 ParOldGen       total 167424K, used 78611K [0x00000000e0000000, 0x00000000ea380000, 0x00000000f5500000)
  object space 167424K, 46% used [0x00000000e0000000,0x00000000e4cc4f18,0x00000000ea380000)
 PSPermGen       total 39936K, used 25794K [0x00000000dae00000, 0x00000000dd500000, 0x00000000e0000000)
  object space 39936K, 64% used [0x00000000dae00000,0x00000000dc7308b0,0x00000000dd500000)

Card table byte_map: [0x0000000001f70000,0x00000000020a0000] byte_map_base: 0x0000000001899000

Polling page: 0x0000000000320000

Code Cache  [0x0000000002220000, 0x0000000002820000, 0x0000000005220000)
 total_blobs=2566 nmethods=2184 adapters=332 free_code_cache=43342Kb largest_free_block=44073600

Compilation events (10 events):
Event: 21.083 Thread 0x0000000006e00800 2621             com.google.gwt.core.ext.soyc.Range::equals (42 bytes)
Event: 21.083 Thread 0x0000000006e00800 nmethod 2621 0x000000000259fd10 code [0x000000000259fe60, 0x000000000259fef8]
Event: 21.085 Thread 0x0000000006e00800 2622             com.google.gwt.core.ext.soyc.Range::<init> (11 bytes)
Event: 21.085 Thread 0x0000000006e00800 nmethod 2622 0x000000000259fb10 code [0x000000000259fc40, 0x000000000259fc98]
Event: 21.093 Thread 0x0000000006e06000 nmethod 2618 0x0000000002532750 code [0x0000000002532900, 0x0000000002534158]
Event: 21.109 Thread 0x0000000006e00800 2623             com.google.gwt.core.ext.soyc.Range::getEnd (5 bytes)
Event: 21.109 Thread 0x0000000006e06000 2624             com.google.gwt.core.ext.soyc.Range::contains (28 bytes)
Event: 21.109 Thread 0x0000000006e00800 nmethod 2623 0x00000000023faed0 code [0x00000000023fb000, 0x00000000023fb058]
Event: 21.109 Thread 0x0000000006e06000 nmethod 2624 0x000000000259f850 code [0x000000000259f980, 0x000000000259f9f8]
Event: 21.109 Thread 0x0000000006e06000 2625 %           com.google.gwt.dev.jjs.impl.JsFunctionClusterer::updateSourceInfoMap @ 210 (399 bytes)

GC Heap History (10 events):
Event: 14.723 GC heap before
{Heap before GC invocations=23 (full 2):
 PSYoungGen      total 116736K, used 68790K [0x00000000f5500000, 0x00000000ff900000, 0x0000000100000000)
  eden space 64512K, 100% used [0x00000000f5500000,0x00000000f9400000,0x00000000f9400000)
  from space 52224K, 8% used [0x00000000fc600000,0x00000000fca2d840,0x00000000ff900000)
  to   space 51200K, 0% used [0x00000000f9400000,0x00000000f9400000,0x00000000fc600000)
 ParOldGen       total 167424K, used 78443K [0x00000000e0000000, 0x00000000ea380000, 0x00000000f5500000)
  object space 167424K, 46% used [0x00000000e0000000,0x00000000e4c9af18,0x00000000ea380000)
 PSPermGen       total 39936K, used 24496K [0x00000000dae00000, 0x00000000dd500000, 0x00000000e0000000)
  object space 39936K, 61% used [0x00000000dae00000,0x00000000dc5ec288,0x00000000dd500000)
Event: 14.751 GC heap after
Heap after GC invocations=23 (full 2):
 PSYoungGen      total 115712K, used 928K [0x00000000f5500000, 0x00000000ffa00000, 0x0000000100000000)
  eden space 64512K, 0% used [0x00000000f5500000,0x00000000f5500000,0x00000000f9400000)
  from space 51200K, 1% used [0x00000000f9400000,0x00000000f94e8040,0x00000000fc600000)
  to   space 49152K, 0% used [0x00000000fca00000,0x00000000fca00000,0x00000000ffa00000)
 ParOldGen       total 167424K, used 78443K [0x00000000e0000000, 0x00000000ea380000, 0x00000000f5500000)
  object space 167424K, 46% used [0x00000000e0000000,0x00000000e4c9af18,0x00000000ea380000)
 PSPermGen       total 39936K, used 24496K [0x00000000dae00000, 0x00000000dd500000, 0x00000000e0000000)
  object space 39936K, 61% used [0x00000000dae00000,0x00000000dc5ec288,0x00000000dd500000)
}
Event: 15.679 GC heap before
{Heap before GC invocations=24 (full 2):
 PSYoungGen      total 115712K, used 65440K [0x00000000f5500000, 0x00000000ffa00000, 0x0000000100000000)
  eden space 64512K, 100% used [0x00000000f5500000,0x00000000f9400000,0x00000000f9400000)
  from space 51200K, 1% used [0x00000000f9400000,0x00000000f94e8040,0x00000000fc600000)
  to   space 49152K, 0% used [0x00000000fca00000,0x00000000fca00000,0x00000000ffa00000)
 ParOldGen       total 167424K, used 78443K [0x00000000e0000000, 0x00000000ea380000, 0x00000000f5500000)
  object space 167424K, 46% used [0x00000000e0000000,0x00000000e4c9af18,0x00000000ea380000)
 PSPermGen       total 39936K, used 24504K [0x00000000dae00000, 0x00000000dd500000, 0x00000000e0000000)
  object space 39936K, 61% used [0x00000000dae00000,0x00000000dc5ee050,0x00000000dd500000)
Event: 15.756 GC heap after
Heap after GC invocations=24 (full 2):
 PSYoungGen      total 121344K, used 848K [0x00000000f5500000, 0x00000000ff980000, 0x0000000100000000)
  eden space 72704K, 0% used [0x00000000f5500000,0x00000000f5500000,0x00000000f9c00000)
  from space 48640K, 1% used [0x00000000fca00000,0x00000000fcad4010,0x00000000ff980000)
  to   space 47104K, 0% used [0x00000000f9c00000,0x00000000f9c00000,0x00000000fca00000)
 ParOldGen       total 167424K, used 78443K [0x00000000e0000000, 0x00000000ea380000, 0x00000000f5500000)
  object space 167424K, 46% used [0x00000000e0000000,0x00000000e4c9af18,0x00000000ea380000)
 PSPermGen       total 39936K, used 24504K [0x00000000dae00000, 0x00000000dd500000, 0x00000000e0000000)
  object space 39936K, 61% used [0x00000000dae00000,0x00000000dc5ee050,0x00000000dd500000)
}
Event: 15.898 GC heap before
{Heap before GC invocations=25 (full 2):
 PSYoungGen      total 121344K, used 73552K [0x00000000f5500000, 0x00000000ff980000, 0x0000000100000000)
  eden space 72704K, 100% used [0x00000000f5500000,0x00000000f9c00000,0x00000000f9c00000)
  from space 48640K, 1% used [0x00000000fca00000,0x00000000fcad4010,0x00000000ff980000)
  to   space 47104K, 0% used [0x00000000f9c00000,0x00000000f9c00000,0x00000000fca00000)
 ParOldGen       total 167424K, used 78443K [0x00000000e0000000, 0x00000000ea380000, 0x00000000f5500000)
  object space 167424K, 46% used [0x00000000e0000000,0x00000000e4c9af18,0x00000000ea380000)
 PSPermGen       total 39936K, used 24616K [0x00000000dae00000, 0x00000000dd500000, 0x00000000e0000000)
  object space 39936K, 61% used [0x00000000dae00000,0x00000000dc60a198,0x00000000dd500000)
Event: 15.988 GC heap after
Heap after GC invocations=25 (full 2):
 PSYoungGen      total 119808K, used 946K [0x00000000f5500000, 0x00000000ffa80000, 0x0000000100000000)
  eden space 72704K, 0% used [0x00000000f5500000,0x00000000f5500000,0x00000000f9c00000)
  from space 47104K, 2% used [0x00000000f9c00000,0x00000000f9cec930,0x00000000fca00000)
  to   space 45056K, 0% used [0x00000000fce80000,0x00000000fce80000,0x00000000ffa80000)
 ParOldGen       total 167424K, used 78443K [0x00000000e0000000, 0x00000000ea380000, 0x00000000f5500000)
  object space 167424K, 46% used [0x00000000e0000000,0x00000000e4c9af18,0x00000000ea380000)
 PSPermGen       total 39936K, used 24616K [0x00000000dae00000, 0x00000000dd500000, 0x00000000e0000000)
  object space 39936K, 61% used [0x00000000dae00000,0x00000000dc60a198,0x00000000dd500000)
}
Event: 16.303 GC heap before
{Heap before GC invocations=26 (full 2):
 PSYoungGen      total 119808K, used 73650K [0x00000000f5500000, 0x00000000ffa80000, 0x0000000100000000)
  eden space 72704K, 100% used [0x00000000f5500000,0x00000000f9c00000,0x00000000f9c00000)
  from space 47104K, 2% used [0x00000000f9c00000,0x00000000f9cec930,0x00000000fca00000)
  to   space 45056K, 0% used [0x00000000fce80000,0x00000000fce80000,0x00000000ffa80000)
 ParOldGen       total 167424K, used 78443K [0x00000000e0000000, 0x00000000ea380000, 0x00000000f5500000)
  object space 167424K, 46% used [0x00000000e0000000,0x00000000e4c9af18,0x00000000ea380000)
 PSPermGen       total 39936K, used 24625K [0x00000000dae00000, 0x00000000dd500000, 0x00000000e0000000)
  object space 39936K, 61% used [0x00000000dae00000,0x00000000dc60c5f8,0x00000000dd500000)
Event: 16.454 GC heap after
Heap after GC invocations=26 (full 2):
 PSYoungGen      total 125440K, used 768K [0x00000000f5500000, 0x00000000ff900000, 0x0000000100000000)
  eden space 81920K, 0% used [0x00000000f5500000,0x00000000f5500000,0x00000000fa500000)
  from space 43520K, 1% used [0x00000000fce80000,0x00000000fcf40040,0x00000000ff900000)
  to   space 42496K, 0% used [0x00000000fa500000,0x00000000fa500000,0x00000000fce80000)
 ParOldGen       total 167424K, used 78603K [0x00000000e0000000, 0x00000000ea380000, 0x00000000f5500000)
  object space 167424K, 46% used [0x00000000e0000000,0x00000000e4cc2f18,0x00000000ea380000)
 PSPermGen       total 39936K, used 24625K [0x00000000dae00000, 0x00000000dd500000, 0x00000000e0000000)
  object space 39936K, 61% used [0x00000000dae00000,0x00000000dc60c5f8,0x00000000dd500000)
}
Event: 18.914 GC heap before
{Heap before GC invocations=27 (full 2):
 PSYoungGen      total 125440K, used 82688K [0x00000000f5500000, 0x00000000ff900000, 0x0000000100000000)
  eden space 81920K, 100% used [0x00000000f5500000,0x00000000fa500000,0x00000000fa500000)
  from space 43520K, 1% used [0x00000000fce80000,0x00000000fcf40040,0x00000000ff900000)
  to   space 42496K, 0% used [0x00000000fa500000,0x00000000fa500000,0x00000000fce80000)
 ParOldGen       total 167424K, used 78603K [0x00000000e0000000, 0x00000000ea380000, 0x00000000f5500000)
  object space 167424K, 46% used [0x00000000e0000000,0x00000000e4cc2f18,0x00000000ea380000)
 PSPermGen       total 39936K, used 25525K [0x00000000dae00000, 0x00000000dd500000, 0x00000000e0000000)
  object space 39936K, 63% used [0x00000000dae00000,0x00000000dc6ed798,0x00000000dd500000)
Event: 19.438 GC heap after
Heap after GC invocations=27 (full 2):
 PSYoungGen      total 124416K, used 8121K [0x00000000f5500000, 0x00000000ff900000, 0x0000000100000000)
  eden space 81920K, 0% used [0x00000000f5500000,0x00000000f5500000,0x00000000fa500000)
  from space 42496K, 19% used [0x00000000fa500000,0x00000000facee630,0x00000000fce80000)
  to   space 39424K, 0% used [0x00000000fd280000,0x00000000fd280000,0x00000000ff900000)
 ParOldGen       total 167424K, used 78611K [0x00000000e0000000, 0x00000000ea380000, 0x00000000f5500000)
  object space 167424K, 46% used [0x00000000e0000000,0x00000000e4cc4f18,0x00000000ea380000)
 PSPermGen       total 39936K, used 25525K [0x00000000dae00000, 0x00000000dd500000, 0x00000000e0000000)
  object space 39936K, 63% used [0x00000000dae00000,0x00000000dc6ed798,0x00000000dd500000)
}

Deoptimization events (10 events):
Event: 19.967 Thread 0x000000000b590000 Uncommon trap: reason=class_check action=maybe_recompile pc=0x00000000023aa770 method=java.util.regex.Pattern$CharProperty.study(Ljava/util/regex/Pattern$TreeInfo;)Z @ 25
Event: 19.967 Thread 0x000000000b590000 Uncommon trap: reason=class_check action=maybe_recompile pc=0x00000000023aa770 method=java.util.regex.Pattern$CharProperty.study(Ljava/util/regex/Pattern$TreeInfo;)Z @ 25
Event: 19.983 Thread 0x000000000b590000 Uncommon trap: reason=bimorphic action=maybe_recompile pc=0x00000000025fefc0 method=java.util.Collections.sort(Ljava/util/List;Ljava/util/Comparator;)V @ 1
Event: 20.078 Thread 0x000000000b590000 Uncommon trap: reason=array_check action=maybe_recompile pc=0x00000000025a5108 method=java.util.TimSort.mergeLo(IIII)V @ 208
Event: 20.078 Thread 0x000000000b590000 Uncommon trap: reason=array_check action=maybe_recompile pc=0x00000000025a5108 method=java.util.TimSort.mergeLo(IIII)V @ 208
Event: 21.030 Thread 0x000000000b590000 Uncommon trap: reason=predicate action=maybe_recompile pc=0x0000000002535f90 method=java.util.TimSort.mergeLo(IIII)V @ 149
Event: 21.048 Thread 0x000000000b590000 Uncommon trap: reason=array_check action=maybe_recompile pc=0x0000000002530d78 method=java.util.TimSort.mergeLo(IIII)V @ 241
Event: 21.049 Thread 0x000000000b590000 Uncommon trap: reason=array_check action=maybe_recompile pc=0x0000000002530d78 method=java.util.TimSort.mergeLo(IIII)V @ 241
Event: 21.066 Thread 0x000000000b590000 Uncommon trap: reason=array_check action=maybe_recompile pc=0x0000000002538bdc method=java.util.TimSort.mergeLo(IIII)V @ 371
Event: 21.067 Thread 0x000000000b590000 Uncommon trap: reason=array_check action=maybe_recompile pc=0x0000000002538bdc method=java.util.TimSort.mergeLo(IIII)V @ 371

Internal exceptions (10 events):
Event: 19.990 Thread 0x000000000b590000 Threw 0x00000000f7dc68f0 at C:\re\jdk7u45\229\hotspot\src\share\vm\prims\jvm.cpp:1244
Event: 19.990 Thread 0x000000000b590000 Threw 0x00000000f7dcc460 at C:\re\jdk7u45\229\hotspot\src\share\vm\prims\jvm.cpp:1244
Event: 19.990 Thread 0x000000000b590000 Threw 0x00000000f7dd2c58 at C:\re\jdk7u45\229\hotspot\src\share\vm\prims\jvm.cpp:1244
Event: 19.991 Thread 0x000000000b590000 Threw 0x00000000f7dd9470 at C:\re\jdk7u45\229\hotspot\src\share\vm\prims\jvm.cpp:1244
Event: 19.991 Thread 0x000000000b590000 Threw 0x00000000f7ddff78 at C:\re\jdk7u45\229\hotspot\src\share\vm\prims\jvm.cpp:1244
Event: 19.991 Thread 0x000000000b590000 Threw 0x00000000f7de54e8 at C:\re\jdk7u45\229\hotspot\src\share\vm\prims\jvm.cpp:1244
Event: 19.991 Thread 0x000000000b590000 Threw 0x00000000f7deb020 at C:\re\jdk7u45\229\hotspot\src\share\vm\prims\jvm.cpp:1244
Event: 19.992 Thread 0x000000000b590000 Threw 0x00000000f7df0c88 at C:\re\jdk7u45\229\hotspot\src\share\vm\prims\jvm.cpp:1244
Event: 19.992 Thread 0x000000000b590000 Threw 0x00000000f7df6fe8 at C:\re\jdk7u45\229\hotspot\src\share\vm\prims\jvm.cpp:1244
Event: 20.030 Thread 0x000000000b590000 Threw 0x00000000f80130c8 at C:\re\jdk7u45\229\hotspot\src\share\vm\prims\jvm.cpp:1244

Events (10 events):
Event: 21.049 Thread 0x000000000b590000 Uncommon trap: trap_request=0xffffffd6 fr.pc=0x0000000002530d78
Event: 21.049 Thread 0x000000000b590000 DEOPT PACKING pc=0x0000000002530d78 sp=0x000000000d63ebd0
Event: 21.049 Thread 0x000000000b590000 DEOPT UNPACKING pc=0x0000000002259064 sp=0x000000000d63ebe0 mode 2
Event: 21.066 Thread 0x000000000b590000 Uncommon trap: trap_request=0xffffffd6 fr.pc=0x0000000002538bdc
Event: 21.066 Thread 0x000000000b590000 DEOPT PACKING pc=0x0000000002538bdc sp=0x000000000d63ebd0
Event: 21.066 Thread 0x000000000b590000 DEOPT UNPACKING pc=0x0000000002259064 sp=0x000000000d63ebe0 mode 2
Event: 21.067 Thread 0x000000000b590000 Uncommon trap: trap_request=0xffffffd6 fr.pc=0x0000000002538bdc
Event: 21.067 Thread 0x000000000b590000 DEOPT PACKING pc=0x0000000002538bdc sp=0x000000000d63ebd0
Event: 21.067 Thread 0x000000000b590000 DEOPT UNPACKING pc=0x0000000002259064 sp=0x000000000d63ebe0 mode 2
Event: 21.093 Thread 0x0000000006e06000 flushing nmethod 0x00000000023faed0


Dynamic libraries:
0x000000013f4c0000 - 0x000000013f4f3000 	C:\Program Files\Java\jdk1.7.0_45\jre\bin\java.exe
0x0000000076e90000 - 0x000000007703b000 	C:\Windows\SYSTEM32\ntdll.dll
0x0000000076d70000 - 0x0000000076e8f000 	C:\Windows\system32\kernel32.dll
0x000007fefd150000 - 0x000007fefd1bb000 	C:\Windows\system32\KERNELBASE.dll
0x000007fefec80000 - 0x000007fefed5b000 	C:\Windows\system32\ADVAPI32.dll
0x000007fefd6b0000 - 0x000007fefd74f000 	C:\Windows\system32\msvcrt.dll
0x000007fefd690000 - 0x000007fefd6af000 	C:\Windows\SYSTEM32\sechost.dll
0x000007fefd750000 - 0x000007fefd87e000 	C:\Windows\system32\RPCRT4.dll
0x0000000076c70000 - 0x0000000076d6a000 	C:\Windows\system32\USER32.dll
0x000007fefd620000 - 0x000007fefd687000 	C:\Windows\system32\GDI32.dll
0x000007fefd880000 - 0x000007fefd88e000 	C:\Windows\system32\LPK.dll
0x000007fefd550000 - 0x000007fefd61a000 	C:\Windows\system32\USP10.dll
0x000007fefb8d0000 - 0x000007fefbac4000 	C:\Windows\WinSxS\amd64_microsoft.windows.common-controls_6595b64144ccf1df_6.0.7600.16385_none_fa645303170382f6\COMCTL32.dll
0x000007fefed60000 - 0x000007fefedd1000 	C:\Windows\system32\SHLWAPI.dll
0x000007feff170000 - 0x000007feff19e000 	C:\Windows\system32\IMM32.DLL
0x000007fefd440000 - 0x000007fefd549000 	C:\Windows\system32\MSCTF.dll
0x000000005f9b0000 - 0x000000005fa82000 	C:\Program Files\Java\jdk1.7.0_45\jre\bin\msvcr100.dll
0x00000000558a0000 - 0x0000000056069000 	C:\Program Files\Java\jdk1.7.0_45\jre\bin\server\jvm.dll
0x000007fef96a0000 - 0x000007fef96a9000 	C:\Windows\system32\WSOCK32.dll
0x000007fefede0000 - 0x000007fefee2d000 	C:\Windows\system32\WS2_32.dll
0x000007fefdaf0000 - 0x000007fefdaf8000 	C:\Windows\system32\NSI.dll
0x000007fefaed0000 - 0x000007fefaf0b000 	C:\Windows\system32\WINMM.dll
0x0000000077060000 - 0x0000000077067000 	C:\Windows\system32\PSAPI.DLL
0x0000000073b70000 - 0x0000000073b7f000 	C:\Program Files\Java\jdk1.7.0_45\jre\bin\verify.dll
0x0000000073b40000 - 0x0000000073b68000 	C:\Program Files\Java\jdk1.7.0_45\jre\bin\java.dll
0x0000000065350000 - 0x0000000065365000 	C:\Program Files\Java\jdk1.7.0_45\jre\bin\zip.dll
0x0000000065400000 - 0x0000000065419000 	C:\Program Files\Java\jdk1.7.0_45\jre\bin\net.dll
0x000007fefc620000 - 0x000007fefc674000 	C:\Windows\system32\mswsock.dll
0x000007fefc610000 - 0x000007fefc617000 	C:\Windows\System32\wship6.dll
0x000007fefc030000 - 0x000007fefc037000 	C:\Windows\System32\wshtcpip.dll
0x000007fefc4a0000 - 0x000007fefc4fb000 	C:\Windows\system32\DNSAPI.dll
0x000007fefa6b0000 - 0x000007fefa6d7000 	C:\Windows\system32\IPHLPAPI.DLL
0x000007fefa660000 - 0x000007fefa66b000 	C:\Windows\system32\WINNSI.DLL
0x000007fef94d0000 - 0x000007fef94d8000 	C:\Windows\system32\rasadhlp.dll
0x000007fefa520000 - 0x000007fefa573000 	C:\Windows\System32\fwpuclnt.dll
0x000007fefc680000 - 0x000007fefc697000 	C:\Windows\system32\CRYPTSP.dll
0x000007fefc380000 - 0x000007fefc3c7000 	C:\Windows\system32\rsaenh.dll
0x000007fefc130000 - 0x000007fefc14e000 	C:\Windows\system32\USERENV.dll
0x000007fefcdf0000 - 0x000007fefcdff000 	C:\Windows\system32\profapi.dll
0x000007fefcce0000 - 0x000007fefccef000 	C:\Windows\system32\CRYPTBASE.dll
0x000007fefafa0000 - 0x000007fefafb5000 	C:\Windows\system32\NLAapi.dll
0x000007fef8e20000 - 0x000007fef8e2b000 	C:\Windows\System32\winrnr.dll
0x000007fef8e00000 - 0x000007fef8e15000 	C:\Windows\system32\napinsp.dll
0x000007fef8ce0000 - 0x000007fef8cf9000 	C:\Windows\system32\pnrpnsp.dll
0x00000000652d0000 - 0x00000000652e1000 	C:\Program Files\Java\jdk1.7.0_45\jre\bin\nio.dll
0x0000000073fb0000 - 0x0000000073fbb000 	C:\Program Files\Java\jdk1.7.0_45\jre\bin\management.dll
0x000000005e6f0000 - 0x000000005e885000 	C:\Program Files\Java\jdk1.7.0_45\jre\bin\awt.dll
0x000007fefee30000 - 0x000007fefef07000 	C:\Windows\system32\OLEAUT32.dll
0x000007fefd230000 - 0x000007fefd431000 	C:\Windows\system32\ole32.dll
0x000007fefb1b0000 - 0x000007fefb1c8000 	C:\Windows\system32\DWMAPI.DLL
0x000007fefcc80000 - 0x000007fefccd7000 	C:\Windows\system32\apphelp.dll

VM Arguments:
jvm_args: -Xmx512m 
java_command: com.google.gwt.dev.Compiler -logLevel INFO -style OBF -war G:\maven\projs\gamearena\target\gamearena-1 -localWorkers 4 -XfragmentCount -1 -sourceLevel auto -gen G:\maven\projs\gamearena\target\.generated Gamearena
Launcher Type: SUN_STANDARD

Environment Variables:
JAVA_HOME=C:\Program Files\Java\jdk1.7.0_45
CLASSPATH=C:/Users/Afrikanov_/.m2/repository/com/google/gwt/gwt-dev/2.6.0/gwt-dev-2.6.0.jar
PATH=C:\Program Files (x86)\JetBrains\IntelliJ IDEA 12.1.5\bin\..\.\bin;C:\Program Files\Common Files\Siemens\Automation\Simatic OAM\bin;C:\Program Files (x86)\Common Files\Siemens\Sqlany;C:\Program Files (x86)\Siemens\Step7\S7bin;C:\Program Files (x86)\Intel\iCLS Client\;C:\Program Files\Intel\iCLS Client\;C:\Windows\system32;C:\Windows;C:\Windows\System32\Wbem;C:\Windows\System32\WindowsPowerShell\v1.0\;C:\Program Files\Intel\Intel(R) Management Engine Components\DAL;C:\Program Files\Intel\Intel(R) Management Engine Components\IPT;C:\Program Files (x86)\Intel\Intel(R) Management Engine Components\DAL;C:\Program Files (x86)\Intel\Intel(R) Management Engine Components\IPT;C:\Program Files (x86)\PKWARE\pkzipc;C:\Program Files (x86)\Microsoft SQL Server\100\Tools\Binn\;C:\Program Files (x86)\Microsoft SQL Server\100\DTS\Binn\;C:\Program Files\Java\jdk1.7.0_45\bin;C:\Program Files (x86)\Microsoft SQL Server\90\Tools\binn\;C:\Program Files (x86)\Git\cmd;G:\maven\bin;G:\INFO\JAVA\GWT\gwt-2.6.0\;C:\Program Files\Microsoft SQL Server\100\Tools\Binn\;C:\Program Files\Microsoft SQL Server\100\DTS\Binn\;C:\Program Files (x86)\Microsoft SQL Server\80\Tools\Binn\;C:\Program Files (x86)\Microsoft SQL Server\90\DTS\Binn\;C:\Program Files (x86)\Microsoft SQL Server\90\Tools\Binn\VSShell\Common7\IDE\;C:\Program Files (x86)\Microsoft Visual Studio 8\Common7\IDE\PrivateAssemblies\;c:\program files (x86)\jetbrains\intellij idea 12.1.5\jre\jre\bin
USERNAME=Afrikanov
OS=Windows_NT
PROCESSOR_IDENTIFIER=Intel64 Family 6 Model 58 Stepping 9, GenuineIntel



---------------  S Y S T E M  ---------------

OS: Windows 7 , 64 bit Build 7600 

CPU:total 4 (4 cores per cpu, 1 threads per core) family 6 model 58 stepping 9, cmov, cx8, fxsr, mmx, sse, sse2, sse3, ssse3, sse4.1, sse4.2, popcnt, aes, erms, tsc, tscinvbit, tscinv

Memory: 4k page, physical 6168060k(273964k free), swap 9311892k(5204k free)

vm_info: Java HotSpot(TM) 64-Bit Server VM (24.45-b08) for windows-amd64 JRE (1.7.0_45-b18), built on Oct  8 2013 05:47:22 by "java_re" with unknown MS VC++:1600

time: Thu May 08 08:22:13 2014
elapsed time: 21 seconds

